<?xml version="1.0" encoding="UTF-8"?>
<testsuite name="CourseAppStatisticsTest" tests="8" skipped="0" failures="0" errors="0" timestamp="2019-05-29T04:06:29" hostname="Yuval-N" time="0.736">
  <properties/>
  <testcase name="adding distinct users to the system properly increases total number of users$courseapp_app()" classname="CourseAppStatisticsTest" time="0.22"/>
  <testcase name="querying top 10 when there are no channels should return an empty list$courseapp_app()" classname="CourseAppStatisticsTest" time="0.147"/>
  <testcase name="top 10 channel list counts only logged in users()" classname="CourseAppStatisticsTest" time="0.134"/>
  <testcase name="top 10 user list does secondary sorting by registration order()" classname="CourseAppStatisticsTest" time="0.045"/>
  <testcase name="top 10 channel list does secondary sorting by creation order()" classname="CourseAppStatisticsTest" time="0.029"/>
  <testcase name="can query total users when no users exist yet$courseapp_app()" classname="CourseAppStatisticsTest" time="0.002"/>
  <testcase name="can query logged in users when no users are logged in$courseapp_app()" classname="CourseAppStatisticsTest" time="0.011"/>
  <testcase name="logging in &amp; out changes the amount of logged in users accordingly$courseapp_app()" classname="CourseAppStatisticsTest" time="0.017"/>
  <system-out><![CDATA[]]></system-out>
  <system-err><![CDATA[]]></system-err>
</testsuite>
